sid: s103
sid: s1166
sid: s1176
sid: s493
sid: s1076
sid: s43
sid: s58
sid: s624
sid: s1173
sid: s492
sid: s824
sid: s392
sid: s982
sid: s280
sid: s993
sid: s888
sid: s1046
sid: s5
sid: s425
sid: s1049
sid: s429
sid: s400
sid: s801
sid: s34
sid: s206
sid: s354
sid: s1016
sid: s698
sid: s1100
sid: s110
sid: s216
sid: s295
sid: s901
sid: s943
sid: s78
sid: s223
sid: s498
sid: s603
sid: s1097
sid: s1200
sid: s92
sid: s332
sid: s682
sid: s445
sid: s746
sid: s977
sid: s123
sid: s366
sid: s666
sid: s1163
sid: s1287
sid: s371
sid: s1294
sid: s1178
sid: s1006
sid: s90
sid: s104
sid: s1329
sid: s1231
sid: s918
sid: s847
sid: s331
sid: s301
sid: s1277
sid: s1133
sid: s136
sid: s446
sid: s701
sid: s992
sid: s833
sid: s299
sid: s40
sid: s417
sid: s647
sid: s630
sid: s924
sid: s195
sid: s1296
sid: s1235
sid: s1253
sid: s1292
sid: s148
sid: s150
sid: s1260
sid: s803
sid: s1306
sid: s450
sid: s1008
sid: s1251
sid: s402
sid: s107
sid: s478
sid: s524
sid: s298
sid: s748
sid: s289
sid: s1136
sid: s1254
sid: s1203
sid: s942
sid: s207
sid: s155
sid: s172
sid: s956
sid: s433
sid: s480
sid: s1026
sid: s1082
sid: s51
sid: s834
sid: s869
sid: s860
sid: s257
sid: s674
sid: s538
sid: s275
sid: s906
sid: s882
sid: s483
sid: s1119
sid: s414
sid: s832
sid: s715
sid: s656
sid: s251
sid: s1029
sid: s1320
sid: s1255
sid: s128
sid: s291
sid: s1139
sid: s296
sid: s750
sid: s183
sid: s147
sid: s1033
sid: s1071
sid: s795
sid: s1150
sid: s269
sid: s815
sid: s806
sid: s1155
sid: s876
sid: s10
sid: s438
sid: s714
sid: s138
sid: s700
sid: s1127
sid: s1290
sid: s649
sid: s489
sid: s817
sid: s1216
sid: s1186
sid: s1308
sid: s129
sid: s62
sid: s933
sid: s1274
sid: s337
sid: s605
sid: s1316
sid: s903
sid: s15
sid: s86
sid: s1158
sid: s63
sid: s1258
sid: s284
sid: s1028
sid: s154
sid: s936
sid: s1343
sid: s1270
sid: s253
sid: s651
sid: s274
sid: s743
sid: s554
sid: s855
sid: s355
sid: s970
sid: s741
sid: s896
sid: s520
sid: s1090
sid: s585
sid: s141
sid: s1145
sid: s718
sid: s994
sid: s707
sid: s228
sid: s1102
sid: s225
sid: s808
sid: s1250
sid: s1137
sid: s1101
sid: s880
sid: s233
sid: s1334
sid: s1001
sid: s608
sid: s272
sid: s1165
sid: s389
sid: s85
sid: s239
sid: s1358
sid: s287
sid: s466
sid: s899
sid: s662
sid: s135
sid: s1169
sid: s769
sid: s231
sid: s481
sid: s1221
sid: s752
sid: s621
sid: s705
sid: s1222
sid: s68
sid: s755
sid: s998
sid: s348
sid: s404
sid: s980
sid: s313
sid: s1248
sid: s22
sid: s46
sid: s947
sid: s536
sid: s1332
sid: s66
sid: s1108
sid: s1280
sid: s724
sid: s826
sid: s130
sid: s162
sid: s382
sid: s850
sid: s1153
sid: s1211
sid: s620
sid: s932
sid: s594
sid: s370
sid: s121
sid: s67
sid: s614
sid: s1188
sid: s319
sid: s533
sid: s176
sid: s531
sid: s1099
sid: s995
sid: s132
sid: s681
sid: s732
sid: s32
sid: s641
sid: s671
sid: s468
sid: s279
sid: s948
sid: s912
sid: s580
sid: s220
sid: s1043
sid: s532
sid: s1195
sid: s1083
sid: s1241
sid: s1201
sid: s37
sid: s1061
sid: s1289
sid: s635
sid: s987
sid: s891
sid: s759
sid: s285
sid: s1122
sid: s217
sid: s1351
sid: s490
sid: s1018
sid: s153
sid: s383
sid: s330
sid: s745
sid: s441
sid: s103s.title: The Mysterious Benedict Society
line: Disney My Music Story: Yoshiki
sid: s1166s.title: The Absent-Minded Professor
line: Disney My Music Story: Yoshiki
sid: s1176s.title: The Art of Skiing
line: Disney My Music Story: Yoshiki
sid: s493s.title: A Tale of Two Critters
line: Disney My Music Story: Yoshiki
sid: s1076s.title: Quack Pack
line: Disney My Music Story: Yoshiki
sid: s43s.title: X-Men
line: Disney My Music Story: Yoshiki
sid: s58s.title: Chip 'n' Dale: Park Life
line: Disney My Music Story: Yoshiki
sid: s624s.title: Supercar Megabuild
line: Disney My Music Story: Yoshiki
sid: s1173s.title: The Apple Dumpling Gang
line: Disney My Music Story: Yoshiki
sid: s492s.title: Tut's Treasures: Hidden Secrets
line: Disney My Music Story: Yoshiki
sid: s824s.title: Forky Asks a Question: What is Money?
line: Disney My Music Story: Yoshiki
sid: s392s.title: Disney Junior Music Lullabies
line: Disney My Music Story: Yoshiki
sid: s982s.title: Marvel's Ant-Man (Shorts)
line: Disney My Music Story: Yoshiki
sid: s280s.title: Planes: Fire & Rescue
line: Disney My Music Story: Yoshiki
sid: s993s.title: Meet the Deedles
line: Disney My Music Story: Yoshiki
sid: s888s.title: Inside Out
line: Disney My Music Story: Yoshiki
sid: s1046s.title: Perri
line: Disney My Music Story: Yoshiki
sid: s5s.title: Spidey And His Amazing Friends
line: Disney My Music Story: Yoshiki
sid: s425s.title: Tummy Trouble
line: Disney My Music Story: Yoshiki
sid: s1049s.title: Peter Pan: Return to Never Land
line: Disney My Music Story: Yoshiki
sid: s429s.title: The Story of the Animated Drawing
line: Disney My Music Story: Yoshiki
sid: s400s.title: Solo: A Star Wars Story
line: Disney My Music Story: Yoshiki
sid: s801s.title: Eddie's Million Dollar Cook-off
line: Disney My Music Story: Yoshiki
sid: s34s.title: Underdog
line: Disney My Music Story: Yoshiki
sid: s206s.title: Dog With a Blog
line: Disney My Music Story: Yoshiki
sid: s354s.title: Jungle Animal Rescue
line: Disney My Music Story: Yoshiki
sid: s1016s.title: Mom's Got a Date With a Vampire
line: Disney My Music Story: Yoshiki
sid: s698s.title: Camp Rock
line: Disney My Music Story: Yoshiki
sid: s1100s.title: Sacred Planet
line: Disney My Music Story: Yoshiki
sid: s110s.title: Puppy Dog Pals
line: Disney My Music Story: Yoshiki
sid: s216s.title: The Book of Life
line: Disney My Music Story: Yoshiki
sid: s295s.title: Prep & Landing: Naughty vs. Nice
line: Disney My Music Story: Yoshiki
sid: s901s.title: Jane
line: Disney My Music Story: Yoshiki
sid: s943s.title: Life is Ruff
line: Disney My Music Story: Yoshiki
sid: s78s.title: Shark Attack Files
line: Disney My Music Story: Yoshiki
sid: s223s.title: Expedition Everest
line: Disney My Music Story: Yoshiki
sid: s498s.title: Don's Fountain of Youth
line: Disney My Music Story: Yoshiki
sid: s603s.title: Forky Asks a Question: What is a Leader?
line: Disney My Music Story: Yoshiki
sid: s1097s.title: Rogue One: A Star Wars Story
line: Disney My Music Story: Yoshiki
sid: s1200s.title: The Even Stevens Movie
line: Disney My Music Story: Yoshiki
sid: s92s.title: When Sharks Attack
line: Disney My Music Story: Yoshiki
sid: s332s.title: Ever After: A Cinderella Story
line: Disney My Music Story: Yoshiki
sid: s682s.title: Bolt
line: Disney My Music Story: Yoshiki
sid: s445s.title: Disney Vampirina
line: Disney My Music Story: Yoshiki
sid: s746s.title: Disney Descendants
line: Disney My Music Story: Yoshiki
sid: s977s.title: Marvel Studios' The Avengers
line: Disney My Music Story: Yoshiki
sid: s123s.title: X-Men Origins: Wolverine
line: Disney My Music Story: Yoshiki
sid: s366s.title: Star Wars: Galaxy's Edge-Adventure Awaits
line: Disney My Music Story: Yoshiki
sid: s666s.title: Bambi II
line: Disney My Music Story: Yoshiki
sid: s1163s.title: Teen Spirit
line: Disney My Music Story: Yoshiki
sid: s1287s.title: Three Blind Mouseketeers
line: Disney My Music Story: Yoshiki
sid: s371s.title: Best Job Ever
line: Disney My Music Story: Yoshiki
sid: s1294s.title: Tiger Cruise
line: Disney My Music Story: Yoshiki
sid: s1178s.title: The Avengers: United They Stand
line: Disney My Music Story: Yoshiki
sid: s1006s.title: Mickey's Twice Upon a Christmas
line: Disney My Music Story: Yoshiki
sid: s90s.title: Shark Gangs
line: Disney My Music Story: Yoshiki
sid: s104s.title: Wolfgang
line: Disney My Music Story: Yoshiki
sid: s1329s.title: Wendy Wu: Homecoming Warrior
line: Disney My Music Story: Yoshiki
sid: s1231s.title: The Love Bug (1969)
line: Disney My Music Story: Yoshiki
sid: s918s.title: Kingdom of the Blue Whale
line: Disney My Music Story: Yoshiki
sid: s847s.title: Gotta Kick it Up
line: Disney My Music Story: Yoshiki
sid: s331s.title: Europe from Above
line: Disney My Music Story: Yoshiki
sid: s301s.title: India From Above
line: Disney My Music Story: Yoshiki
sid: s1277s.title: The Tortoise and the Hare
line: Disney My Music Story: Yoshiki
sid: s1133s.title: Spider-Man Unlimited
line: Disney My Music Story: Yoshiki
sid: s136s.title: Ice Road Rescue
line: Disney My Music Story: Yoshiki
sid: s446s.title: Doc McStuffins
line: Disney My Music Story: Yoshiki
sid: s701s.title: Candleshoe
line: Disney My Music Story: Yoshiki
sid: s992s.title: Mater and the Ghostlight
line: Disney My Music Story: Yoshiki
sid: s833s.title: Fuzzbucket
line: Disney My Music Story: Yoshiki
sid: s299s.title: X-Ray Earth
line: Disney My Music Story: Yoshiki
sid: s40s.title: Growing Up Animal
line: Disney My Music Story: Yoshiki
sid: s417s.title: Tarzan II
line: Disney My Music Story: Yoshiki
sid: s647s.title: Aladdin: The Return of Jafar
line: Disney My Music Story: Yoshiki
sid: s630s.title: Forky Asks a Question: What is Art?
line: Disney My Music Story: Yoshiki
sid: s924s.title: Lab Rats
line: Disney My Music Story: Yoshiki
sid: s195s.title: Mexico Untamed
line: Disney My Music Story: Yoshiki
sid: s1296s.title: Timon & Pumbaa
line: Disney My Music Story: Yoshiki
sid: s1235s.title: The Muppet Christmas Carol
line: Disney My Music Story: Yoshiki
sid: s1253s.title: The Replacements
line: Disney My Music Story: Yoshiki
sid: s1292s.title: Three Men and a Little Lady
line: Disney My Music Story: Yoshiki
sid: s148s.title: Star Wars Biomes
line: Disney My Music Story: Yoshiki
sid: s150s.title: The Bad Batch
line: Disney My Music Story: Yoshiki
sid: s1260s.title: The Scream Team
line: Disney My Music Story: Yoshiki
sid: s803s.title: Elena of Avalor (Shorts)
line: Disney My Music Story: Yoshiki
sid: s1306s.title: Toy Story 3
line: Disney My Music Story: Yoshiki
sid: s450s.title: Out
line: Disney My Music Story: Yoshiki
sid: s1008s.title: Mike's New Car
line: Disney My Music Story: Yoshiki
sid: s1251s.title: The Proud Family Movie
line: Disney My Music Story: Yoshiki
sid: s402s.title: The Undefeated Presents: Hamilton In-Depth
line: Disney My Music Story: Yoshiki
sid: s107s.title: Heartland Docs, DVM
line: Disney My Music Story: Yoshiki
sid: s478s.title: Born Wild: The Next Generation
line: Disney My Music Story: Yoshiki
sid: s524s.title: The Odd Life of Timothy Green
line: Disney My Music Story: Yoshiki
sid: s298s.title: The Sorcerer's Apprentice
line: Disney My Music Story: Yoshiki
sid: s748s.title: Disney DuckTales (Shorts)
line: Disney My Music Story: Yoshiki
sid: s289s.title: Ultimate Viking Sword
line: Disney My Music Story: Yoshiki
sid: s1136s.title: Star Wars Rebels
line: Disney My Music Story: Yoshiki
sid: s1254s.title: The Rescuers
line: Disney My Music Story: Yoshiki
sid: s1203s.title: The Fox and the Hound 2
line: Disney My Music Story: Yoshiki
sid: s942s.title: Let it Shine
line: Disney My Music Story: Yoshiki
sid: s207s.title: Mickey Go Local
line: Disney My Music Story: Yoshiki
sid: s155s.title: DuckTales
line: Disney My Music Story: Yoshiki
sid: s172s.title: Mark Twain and Me
line: Disney My Music Story: Yoshiki
sid: s956s.title: Mail Dog
line: Disney My Music Story: Yoshiki
sid: s433s.title: Chasing the Equinox
line: Disney My Music Story: Yoshiki
sid: s480s.title: The Olympic Elk
line: Disney My Music Story: Yoshiki
sid: s1026s.title: Muppets Most Wanted
line: Disney My Music Story: Yoshiki
sid: s1082s.title: Recess: All Growed Down
line: Disney My Music Story: Yoshiki
sid: s51s.title: Killer Shark vs Killer Whale
line: Disney My Music Story: Yoshiki
sid: s834s.title: Gargoyles
line: Disney My Music Story: Yoshiki
sid: s869s.title: High School Musical 3: Senior Year
line: Disney My Music Story: Yoshiki
sid: s860s.title: Hatching Pete
line: Disney My Music Story: Yoshiki
sid: s257s.title: Disney Channel's Epic Holiday Showdown
line: Disney My Music Story: Yoshiki
sid: s674s.title: Benji the Hunted
line: Disney My Music Story: Yoshiki
sid: s538s.title: Disney Phineas and Ferb: Phineas and Ferb Star Wars
line: Disney My Music Story: Yoshiki
sid: s275s.title: Port Protection Alaska
line: Disney My Music Story: Yoshiki
sid: s906s.title: Jonas Brothers: The Concert Experience
line: Disney My Music Story: Yoshiki
sid: s882s.title: How to Swim
line: Disney My Music Story: Yoshiki
sid: s483s.title: Brain Games
line: Disney My Music Story: Yoshiki
sid: s1119s.title: Simpsons Movie
line: Disney My Music Story: Yoshiki
sid: s414s.title: Mars and Beyond
line: Disney My Music Story: Yoshiki
sid: s832s.title: Fun and Fancy Free
line: Disney My Music Story: Yoshiki
sid: s715s.title: Chef Donald
line: Disney My Music Story: Yoshiki
sid: s656s.title: Annie
line: Disney My Music Story: Yoshiki
sid: s251s.title: Dory's Reef Cam
line: Disney My Music Story: Yoshiki
sid: s1029s.title: National Treasure: Book of Secrets
line: Disney My Music Story: Yoshiki
sid: s1320s.title: Twas the Night
line: Disney My Music Story: Yoshiki
sid: s1255s.title: The Rescuers Down Under
line: Disney My Music Story: Yoshiki
sid: s128s.title: Growing Fangs
line: Disney My Music Story: Yoshiki
sid: s291s.title: Fancy Nancy (Shorts)
line: Disney My Music Story: Yoshiki
sid: s1139s.title: Star Wars: Attack of the Clones (Episode II)
line: Disney My Music Story: Yoshiki
sid: s296s.title: Disney Channel Halloween House Party
line: Disney My Music Story: Yoshiki
sid: s750s.title: Disney Family Sundays
line: Disney My Music Story: Yoshiki
sid: s183s.title: Star Wars Vintage: Clone Wars 2D Micro-Series
line: Disney My Music Story: Yoshiki
sid: s147s.title: Maggie Simpson in The Force Awakens from its Nap
line: Disney My Music Story: Yoshiki
sid: s1033s.title: Now You See It
line: Disney My Music Story: Yoshiki
sid: s1071s.title: Pooh's Grand Adventure: The Search for Christopher Robin
line: Disney My Music Story: Yoshiki
sid: s795s.title: DuckTales The Movie: Treasure of the Lost Lamp
line: Disney My Music Story: Yoshiki
sid: s1150s.title: Stonehenge Decoded: Secrets Revealed
line: Disney My Music Story: Yoshiki
sid: s269s.title: The Nutcracker and the Four Realms
line: Disney My Music Story: Yoshiki
sid: s815s.title: Finding Dory
line: Disney My Music Story: Yoshiki
sid: s806s.title: Encore!
line: Disney My Music Story: Yoshiki
sid: s1155s.title: TaleSpin
line: Disney My Music Story: Yoshiki
sid: s876s.title: Horse Sense
line: Disney My Music Story: Yoshiki
sid: s10s.title: Flooded Tombs of the Nile
line: Disney My Music Story: Yoshiki
sid: s438s.title: The Greeks
line: Disney My Music Story: Yoshiki
sid: s714s.title: Cheetah
line: Disney My Music Story: Yoshiki
sid: s138s.title: Schoolhouse Rock!
line: Disney My Music Story: Yoshiki
sid: s700s.title: Can of Worms
line: Disney My Music Story: Yoshiki
sid: s1127s.title: Snowball Express
line: Disney My Music Story: Yoshiki
sid: s1290s.title: Three Little Wolves
line: Disney My Music Story: Yoshiki
sid: s649s.title: Aliens of the Deep
line: Disney My Music Story: Yoshiki
sid: s489s.title: Disney Playtime with Puppy Dog Pals (Shorts)
line: Disney My Music Story: Yoshiki
sid: s817s.title: First Kid
line: Disney My Music Story: Yoshiki
sid: s1216s.title: The Incredible Journey
line: Disney My Music Story: Yoshiki
sid: s1186s.title: The Book of Once Upon a Time
line: Disney My Music Story: Yoshiki
sid: s1308s.title: Toy Story Toons: Partysaurus Rex
line: Disney My Music Story: Yoshiki
sid: s129s.title: Kingdom of the Polar Bears
line: Disney My Music Story: Yoshiki
sid: s62s.title: Minnie's Bow-Toons: Party Palace Pals
line: Disney My Music Story: Yoshiki
sid: s933s.title: LEGO Star Wars: The Freemaker Adventures (Shorts)
line: Disney My Music Story: Yoshiki
sid: s1274s.title: The Three Caballeros
line: Disney My Music Story: Yoshiki
sid: s337s.title: Soy Luna
line: Disney My Music Story: Yoshiki
sid: s605s.title: High School Musical: The Musical: The Series: The Special
line: Disney My Music Story: Yoshiki
sid: s1316s.title: Tron
line: Disney My Music Story: Yoshiki
sid: s903s.title: Jingle Pols
line: Disney My Music Story: Yoshiki
sid: s15s.title: Miraculous: Tales Of Ladybug & Cat Noir
line: Disney My Music Story: Yoshiki
sid: s86s.title: Miraculous World: Shanghai, The Legend of Ladydragon
line: Disney My Music Story: Yoshiki
sid: s1158s.title: Tangled Before Ever After
line: Disney My Music Story: Yoshiki
sid: s63s.title: Turning the Tables with Robin Roberts
line: Disney My Music Story: Yoshiki
sid: s1258s.title: The Santa Clause 2
line: Disney My Music Story: Yoshiki
sid: s284s.title: Home Alone
line: Disney My Music Story: Yoshiki
sid: s1028s.title: My Friends Tigger & Pooh
line: Disney My Music Story: Yoshiki
sid: s154s.title: Disney My Music Story SUKIMASWITCH
line: Disney My Music Story: Yoshiki
sid: s936s.title: LEGO Star Wars:ￂﾠThe New Yoda Chronicles ￢ﾀﾓ Duel of the Skywalkers
line: Disney My Music Story: Yoshiki
sid: s1343s.title: World's Greatest Dogs
line: Disney My Music Story: Yoshiki
sid: s1270s.title: The Suite Life of Zack & Cody
line: Disney My Music Story: Yoshiki
sid: s253s.title: Into the Woods
line: Disney My Music Story: Yoshiki
sid: s651s.title: Almost Angels
line: Disney My Music Story: Yoshiki
sid: s274s.title: Party Animals
line: Disney My Music Story: Yoshiki
sid: s743s.title: Disney Bad Hair Day
line: Disney My Music Story: Yoshiki
sid: s554s.title: Descendants 3
line: Disney My Music Story: Yoshiki
sid: s855s.title: Halloweentown II: Kalabar's Revenge
line: Disney My Music Story: Yoshiki
sid: s355s.title: Magic Camp
line: Disney My Music Story: Yoshiki
sid: s970s.title: Marvel Studios' Captain Marvel
line: Disney My Music Story: Yoshiki
sid: s741s.title: Disney Adventures in Babysitting
line: Disney My Music Story: Yoshiki
sid: s896s.title: Iron Man Armored Adventures
line: Disney My Music Story: Yoshiki
sid: s520s.title: Frankenweenie
line: Disney My Music Story: Yoshiki
sid: s1090s.title: Return to Oz
line: Disney My Music Story: Yoshiki
sid: s585s.title: Drain The Bermuda Triangle
line: Disney My Music Story: Yoshiki
sid: s141s.title: Special Agent Oso
line: Disney My Music Story: Yoshiki
sid: s1145s.title: Star Wars: The Phantom Menace (Episode I)
line: Disney My Music Story: Yoshiki
sid: s718s.title: Chip an' Dale
line: Disney My Music Story: Yoshiki
sid: s994s.title: Meet the Robinsons
line: Disney My Music Story: Yoshiki
sid: s707s.title: Cars Toon: Heavy Metal Mater
line: Disney My Music Story: Yoshiki
sid: s228s.title: Pixar Popcorn
line: Disney My Music Story: Yoshiki
sid: s1102s.title: Sammy, The Way-Out Seal
line: Disney My Music Story: Yoshiki
sid: s225s.title: Wicked Tuna: Outer Banks
line: Disney My Music Story: Yoshiki
sid: s808s.title: Even Stevens
line: Disney My Music Story: Yoshiki
sid: s1250s.title: The Princess Diaries 2: Royal Engagement
line: Disney My Music Story: Yoshiki
sid: s1137s.title: Star Wars Rebels (Shorts)
line: Disney My Music Story: Yoshiki
sid: s1101s.title: Saludos Amigos
line: Disney My Music Story: Yoshiki
sid: s880s.title: How to Build a Better Boy
line: Disney My Music Story: Yoshiki
sid: s233s.title: WandaVision
line: Disney My Music Story: Yoshiki
sid: s1334s.title: Willow
line: Disney My Music Story: Yoshiki
sid: s1001s.title: Mickey's Christmas Carol
line: Disney My Music Story: Yoshiki
sid: s608s.title: Forky Asks a Question: What is a Computer?
line: Disney My Music Story: Yoshiki
sid: s272s.title: From Our Family to Yours
line: Disney My Music Story: Yoshiki
sid: s1165s.title: That Darn Cat!
line: Disney My Music Story: Yoshiki
sid: s389s.title: Wild Sri Lanka
line: Disney My Music Story: Yoshiki
sid: s85s.title: Flicka
line: Disney My Music Story: Yoshiki
sid: s239s.title: Big Sharks Rule
line: Disney My Music Story: Yoshiki
sid: s1358s.title: Blackbeard's Ghost
line: Disney My Music Story: Yoshiki
sid: s287s.title: Inside Pixar
line: Disney My Music Story: Yoshiki
sid: s466s.title: In Beaver Valley
line: Disney My Music Story: Yoshiki
sid: s899s.title: Jack-Jack Attack
line: Disney My Music Story: Yoshiki
sid: s662s.title: Avatar
line: Disney My Music Story: Yoshiki
sid: s135s.title: Fury Files
line: Disney My Music Story: Yoshiki
sid: s1169s.title: The Adventures of Huck Finn
line: Disney My Music Story: Yoshiki
sid: s769s.title: Disney's Doug
line: Disney My Music Story: Yoshiki
sid: s231s.title: Isle of Dogs
line: Disney My Music Story: Yoshiki
sid: s481s.title: Tangled: The Series
line: Disney My Music Story: Yoshiki
sid: s1221s.title: The Legend of Mor'du
line: Disney My Music Story: Yoshiki
sid: s752s.title: Disney Girl vs. Monster
line: Disney My Music Story: Yoshiki
sid: s621s.title: Marvel Rising: Heart of Iron
line: Disney My Music Story: Yoshiki
sid: s705s.title: Cars 3
line: Disney My Music Story: Yoshiki
sid: s1222s.title: The Lion King 1 1/2
line: Disney My Music Story: Yoshiki
sid: s68s.title: Stuntman
line: Disney My Music Story: Yoshiki
sid: s755s.title: Disney Jake and the Never Land Pirates
line: Disney My Music Story: Yoshiki
sid: s998s.title: Mickey Mouse Club (1955-59)
line: Disney My Music Story: Yoshiki
sid: s348s.title: Mars: One Day on the Red Planet
line: Disney My Music Story: Yoshiki
sid: s404s.title: Diary of a Wimpy Kid: Rodrick Rules
line: Disney My Music Story: Yoshiki
sid: s980s.title: Marvel Ultimate Spider-Man
line: Disney My Music Story: Yoshiki
sid: s313s.title: Oil Spill of The Century
line: Disney My Music Story: Yoshiki
sid: s1248s.title: The Princess and the Frog
line: Disney My Music Story: Yoshiki
sid: s22s.title: Mira, Royal Detective
line: Disney My Music Story: Yoshiki
sid: s46s.title: Disney Presents Goofy in How to Stay at Home
line: Disney My Music Story: Yoshiki
sid: s947s.title: Lilo & Stitch
line: Disney My Music Story: Yoshiki
sid: s536s.title: Marvel Studios' Black Panther
line: Disney My Music Story: Yoshiki
sid: s1332s.title: Who Framed Roger Rabbit
line: Disney My Music Story: Yoshiki
sid: s66s.title: Shark vs. Surfer
line: Disney My Music Story: Yoshiki
sid: s1108s.title: Sea of Hope: America's Underwater Treasures
line: Disney My Music Story: Yoshiki
sid: s1280s.title: The Ultimate Christmas Present
line: Disney My Music Story: Yoshiki
sid: s724s.title: College Road Trip
line: Disney My Music Story: Yoshiki
sid: s826s.title: Frankenweenie (Short)
line: Disney My Music Story: Yoshiki
sid: s130s.title: Let's Be Tigers
line: Disney My Music Story: Yoshiki
sid: s162s.title: Earth Moods
line: Disney My Music Story: Yoshiki
sid: s382s.title: Muppets Now
line: Disney My Music Story: Yoshiki
sid: s850s.title: Great Migrations
line: Disney My Music Story: Yoshiki
sid: s1153s.title: Super Buddies
line: Disney My Music Story: Yoshiki
sid: s1211s.title: The Haunted Mansion
line: Disney My Music Story: Yoshiki
sid: s620s.title: Marvel Rising: Chasing Ghosts
line: Disney My Music Story: Yoshiki
sid: s932s.title: LEGO Star Wars: The Freemaker Adventures
line: Disney My Music Story: Yoshiki
sid: s594s.title: Marvel Rising: Battle of The Bands
line: Disney My Music Story: Yoshiki
sid: s370s.title: Animal Showdown
line: Disney My Music Story: Yoshiki
sid: s121s.title: Red Tails
line: Disney My Music Story: Yoshiki
sid: s67s.title: Shark vs. Whale
line: Disney My Music Story: Yoshiki
sid: s614s.title: One Day at Disney
line: Disney My Music Story: Yoshiki
sid: s1188s.title: The Brave Little Toaster Goes to Mars
line: Disney My Music Story: Yoshiki
sid: s319s.title: Secrets Of The Zoo: Down Under
line: Disney My Music Story: Yoshiki
sid: s533s.title: The Finest Hours
line: Disney My Music Story: Yoshiki
sid: s176s.title: Higglytown Heroes
line: Disney My Music Story: Yoshiki
sid: s531s.title: Frozen 2
line: Disney My Music Story: Yoshiki
sid: s1099s.title: Ruby Bridges
line: Disney My Music Story: Yoshiki
sid: s995s.title: Melody Time
line: Disney My Music Story: Yoshiki
sid: s132s.title: The Little Prince(ss)
line: Disney My Music Story: Yoshiki
sid: s681s.title: Boat Builders
line: Disney My Music Story: Yoshiki
sid: s732s.title: Darkwing Duck
line: Disney My Music Story: Yoshiki
sid: s32s.title: Disney Princess Remixed - An Ultimate Princess Celebration
line: Disney My Music Story: Yoshiki
sid: s641s.title: A Goofy Movie
line: Disney My Music Story: Yoshiki
sid: s671s.title: Beauty and the Beast: The Enchanted Christmas
line: Disney My Music Story: Yoshiki
sid: s468s.title: Love & Vets
line: Disney My Music Story: Yoshiki
sid: s279s.title: Planes
line: Disney My Music Story: Yoshiki
sid: s948s.title: Lilo & Stitch 2: Stitch Has a Glitch
line: Disney My Music Story: Yoshiki
sid: s912s.title: Jungle Cat
line: Disney My Music Story: Yoshiki
sid: s580s.title: Cars Toon: Tokyo Mater
line: Disney My Music Story: Yoshiki
sid: s220s.title: Rodgers & Hammerstein's Cinderella
line: Disney My Music Story: Yoshiki
sid: s1043s.title: Paris To Pittsburgh
line: Disney My Music Story: Yoshiki
sid: s532s.title: Stargirl
line: Disney My Music Story: Yoshiki
sid: s1195s.title: The Chronicles of Narnia: The Lion, the Witch and the Wardrobe
line: Disney My Music Story: Yoshiki
sid: s1083s.title: Recess: School's Out
line: Disney My Music Story: Yoshiki
sid: s1241s.title: The Olympic Champ
line: Disney My Music Story: Yoshiki
sid: s1201s.title: The Flood
line: Disney My Music Story: Yoshiki
sid: s37s.title: Life Below Zero: Next Generation
line: Disney My Music Story: Yoshiki
sid: s1061s.title: Pixar In Real Life
line: Disney My Music Story: Yoshiki
sid: s1289s.title: Three Little Pigs
line: Disney My Music Story: Yoshiki
sid: s635s.title: 101 Dalmatians
line: Disney My Music Story: Yoshiki
sid: s987s.title: Marvel's Hero Project
line: Disney My Music Story: Yoshiki
sid: s891s.title: Into the Grand Canyon
line: Disney My Music Story: Yoshiki
sid: s759s.title: Disney Lab Rats: Elite Force
line: Disney My Music Story: Yoshiki
sid: s285s.title: Home Alone 2: Lost in New York
line: Disney My Music Story: Yoshiki
sid: s1122s.title: Skyrunners
line: Disney My Music Story: Yoshiki
sid: s217s.title: The Muppet Show
line: Disney My Music Story: Yoshiki
sid: s1351s.title: Z-O-M-B-I-E-S
line: Disney My Music Story: Yoshiki
sid: s490s.title: Maggie Simpson in Playdate with Destiny
line: Disney My Music Story: Yoshiki
sid: s1018s.title: Monsters, Inc.
line: Disney My Music Story: Yoshiki
sid: s153s.title: Adventures in Wonderland
line: Disney My Music Story: Yoshiki
sid: s383s.title: Surviving the Mount St. Helens Disaster
line: Disney My Music Story: Yoshiki
sid: s330s.title: Coop & Cami Ask The World
line: Disney My Music Story: Yoshiki
sid: s745s.title: Disney Den Brother
line: Disney My Music Story: Yoshiki
sid: s441s.title: Maggie Simpson in The Longest Daycare
line: Disney My Music Story: Yoshiki
